   Compiling todoke v2.3.0 (C:\Users\yukimemi\src\github.com\yukimemi\todoke)
warning: function `is_windows` is never used
   --> src\platform.rs:122:8
    |
122 | pub fn is_windows() -> bool {
    |        ^^^^^^^^^^
    |
    = note: `#[warn(dead_code)]` (part of `#[warn(unused)]`) on by default

warning: function `is_linux` is never used
   --> src\platform.rs:126:8
    |
126 | pub fn is_linux() -> bool {
    |        ^^^^^^^^

warning: function `is_mac` is never used
   --> src\platform.rs:130:8
    |
130 | pub fn is_mac() -> bool {
    |        ^^^^^^

warning: `todoke` (bin "todoke") generated 3 warnings
    Finished `dev` profile [unoptimized + debuginfo] target(s) in 7.47s
